<?xml version="1.0" encoding="UTF-8"?>
<!-- Generated by org.testng.reporters.JUnitXMLReporter -->
<testsuite ignored="0" hostname="LAPTOP-MBBARNLI" failures="0" tests="5" name="Default test" time="47.316" errors="0" timestamp="2022-03-09T21:04:28 IST">
  <testcase classname="com.yatra.qa.tests.HomePageTest" name="homePageTest" time="0.017"/>
  <testcase classname="com.yatra.qa.tests.HomePageTest" name="flightSearchTest" time="8.97"/>
  <testcase classname="com.yatra.qa.tests.HomePageTest" name="navigationTest" time="1.317"/>
  <testcase classname="com.yatra.qa.tests.HomePageTest" name="LoginTest" time="5.453"/>
  <testcase classname="com.yatra.qa.tests.HomePageTest" name="MyBookingTest" time="8.92"/>
</testsuite> <!-- Default test -->
