<?xml version="1.0" encoding="UTF-8"?>
<testng-results ignored="0" total="5" passed="5" failed="0" skipped="0">
  <reporter-output>
  </reporter-output>
  <suite started-at="2022-03-09T22:31:51 IST" name="Yatra Assignment Automation Test Suite" finished-at="2022-03-09T22:32:28 IST" duration-ms="36315">
    <groups>
    </groups>
    <test started-at="2022-03-09T22:31:51 IST" name="Yatra Home Page Test Cases" finished-at="2022-03-09T22:32:28 IST" duration-ms="36315">
      <class name="com.yatra.qa.tests.HomePageTest">
        <test-method is-config="true" signature="setUp()[pri:0, instance:com.yatra.qa.tests.HomePageTest@8519cb4]" started-at="2022-03-09T22:31:51 IST" name="setUp" finished-at="2022-03-09T22:31:55 IST" duration-ms="3719" status="PASS">
          <reporter-output>
          </reporter-output>
        </test-method> <!-- setUp -->
        <test-method signature="homePageTest()[pri:1, instance:com.yatra.qa.tests.HomePageTest@8519cb4]" started-at="2022-03-09T22:31:55 IST" name="homePageTest" finished-at="2022-03-09T22:31:55 IST" duration-ms="9" status="PASS">
          <reporter-output>
          </reporter-output>
        </test-method> <!-- homePageTest -->
        <test-method is-config="true" signature="tearDown()[pri:0, instance:com.yatra.qa.tests.HomePageTest@8519cb4]" started-at="2022-03-09T22:31:55 IST" name="tearDown" finished-at="2022-03-09T22:31:55 IST" duration-ms="110" status="PASS">
          <reporter-output>
          </reporter-output>
        </test-method> <!-- tearDown -->
        <test-method is-config="true" signature="setUp()[pri:0, instance:com.yatra.qa.tests.HomePageTest@8519cb4]" started-at="2022-03-09T22:31:55 IST" name="setUp" finished-at="2022-03-09T22:31:58 IST" duration-ms="3110" status="PASS">
          <reporter-output>
          </reporter-output>
        </test-method> <!-- setUp -->
        <test-method signature="flightSearchTest()[pri:2, instance:com.yatra.qa.tests.HomePageTest@8519cb4]" started-at="2022-03-09T22:31:58 IST" name="flightSearchTest" finished-at="2022-03-09T22:32:05 IST" duration-ms="6839" status="PASS">
          <reporter-output>
          </reporter-output>
        </test-method> <!-- flightSearchTest -->
        <test-method is-config="true" signature="tearDown()[pri:0, instance:com.yatra.qa.tests.HomePageTest@8519cb4]" started-at="2022-03-09T22:32:05 IST" name="tearDown" finished-at="2022-03-09T22:32:05 IST" duration-ms="128" status="PASS">
          <reporter-output>
          </reporter-output>
        </test-method> <!-- tearDown -->
        <test-method is-config="true" signature="setUp()[pri:0, instance:com.yatra.qa.tests.HomePageTest@8519cb4]" started-at="2022-03-09T22:32:05 IST" name="setUp" finished-at="2022-03-09T22:32:08 IST" duration-ms="3034" status="PASS">
          <reporter-output>
          </reporter-output>
        </test-method> <!-- setUp -->
        <test-method signature="navigationTest()[pri:3, instance:com.yatra.qa.tests.HomePageTest@8519cb4]" started-at="2022-03-09T22:32:08 IST" name="navigationTest" finished-at="2022-03-09T22:32:09 IST" duration-ms="944" status="PASS">
          <reporter-output>
          </reporter-output>
        </test-method> <!-- navigationTest -->
        <test-method is-config="true" signature="tearDown()[pri:0, instance:com.yatra.qa.tests.HomePageTest@8519cb4]" started-at="2022-03-09T22:32:09 IST" name="tearDown" finished-at="2022-03-09T22:32:09 IST" duration-ms="109" status="PASS">
          <reporter-output>
          </reporter-output>
        </test-method> <!-- tearDown -->
        <test-method is-config="true" signature="setUp()[pri:0, instance:com.yatra.qa.tests.HomePageTest@8519cb4]" started-at="2022-03-09T22:32:09 IST" name="setUp" finished-at="2022-03-09T22:32:12 IST" duration-ms="2951" status="PASS">
          <reporter-output>
          </reporter-output>
        </test-method> <!-- setUp -->
        <test-method signature="loginTest()[pri:4, instance:com.yatra.qa.tests.HomePageTest@8519cb4]" started-at="2022-03-09T22:32:12 IST" name="loginTest" finished-at="2022-03-09T22:32:16 IST" duration-ms="4099" status="PASS">
          <reporter-output>
          </reporter-output>
        </test-method> <!-- loginTest -->
        <test-method is-config="true" signature="tearDown()[pri:0, instance:com.yatra.qa.tests.HomePageTest@8519cb4]" started-at="2022-03-09T22:32:16 IST" name="tearDown" finished-at="2022-03-09T22:32:16 IST" duration-ms="117" status="PASS">
          <reporter-output>
          </reporter-output>
        </test-method> <!-- tearDown -->
        <test-method is-config="true" signature="setUp()[pri:0, instance:com.yatra.qa.tests.HomePageTest@8519cb4]" started-at="2022-03-09T22:32:16 IST" name="setUp" finished-at="2022-03-09T22:32:20 IST" duration-ms="3116" status="PASS">
          <reporter-output>
          </reporter-output>
        </test-method> <!-- setUp -->
        <test-method signature="myBookingTest()[pri:5, instance:com.yatra.qa.tests.HomePageTest@8519cb4]" started-at="2022-03-09T22:32:20 IST" name="myBookingTest" finished-at="2022-03-09T22:32:27 IST" duration-ms="7875" status="PASS">
          <reporter-output>
          </reporter-output>
        </test-method> <!-- myBookingTest -->
        <test-method is-config="true" signature="tearDown()[pri:0, instance:com.yatra.qa.tests.HomePageTest@8519cb4]" started-at="2022-03-09T22:32:27 IST" name="tearDown" finished-at="2022-03-09T22:32:28 IST" duration-ms="127" status="PASS">
          <reporter-output>
          </reporter-output>
        </test-method> <!-- tearDown -->
      </class> <!-- com.yatra.qa.tests.HomePageTest -->
    </test> <!-- Yatra Home Page Test Cases -->
  </suite> <!-- Yatra Assignment Automation Test Suite -->
</testng-results>
