<?xml version="1.0" encoding="UTF-8"?>
<!-- Generated by org.testng.reporters.JUnitXMLReporter -->
<testsuite ignored="0" hostname="LAPTOP-MBBARNLI" failures="0" tests="5" name="Yatra Home Page Test Cases" time="36.315" errors="0" timestamp="2022-03-09T22:32:28 IST">
  <testcase classname="com.yatra.qa.tests.HomePageTest" name="homePageTest" time="0.009"/>
  <testcase classname="com.yatra.qa.tests.HomePageTest" name="flightSearchTest" time="6.839"/>
  <testcase classname="com.yatra.qa.tests.HomePageTest" name="navigationTest" time="0.944"/>
  <testcase classname="com.yatra.qa.tests.HomePageTest" name="loginTest" time="4.099"/>
  <testcase classname="com.yatra.qa.tests.HomePageTest" name="myBookingTest" time="7.875"/>
</testsuite> <!-- Yatra Home Page Test Cases -->
